<?xml version="1.0" encoding="UTF-8"?>
<testsuite xmlns:xsi="http://www.w3.org/2001/XMLSchema-instance" xsi:noNamespaceSchemaLocation="https://maven.apache.org/surefire/maven-surefire-plugin/xsd/surefire-test-report-3.0.xsd" version="3.0" name="Runner.Runner" time="18.613" tests="1" errors="0" skipped="0" failures="0">
  <properties>
[...]
</properties>
  <testcase name="Navigate to home page" classname="Main search on webstaurant home page" time="18.048">
    <system-out><![CDATA[
Scenario: Navigate to home page                                                                  # src/test/resources/Features/main_search.feature:6
  Given the user navigates to webstaurantstore                                                   # StepDef.Web.StepDefinitions.theUserNavigatesToWebstaurantstore()
  When the user enters 'stainless work table' in the home page search box and clicks search icon # StepDef.Web.StepDefinitions.theUserEntersInTheHomePageSearchBoxAndClicksSearchIcon(java.lang.String)
  Then the home page search results for 'Table' are displayed                                    # StepDef.Web.StepDefinitions.theHomePageSearchResultsForAreDisplayed(java.lang.String)
  When the user clicks 'Add to Cart' for the last search result                                  # StepDef.Web.StepDefinitions.theUserClicksAddToCartForTheLastSearchResult()
  And the user clicks the notification 'View Cart' button                                        # StepDef.Web.StepDefinitions.theUserClicksTheNotificationViewCartButton()
  And the user clicks the 'Empty Cart' button                                                    # StepDef.Web.StepDefinitions.theUserClicksTheEmptyCartButton()
  And the user clicks the 'Empty Cart' modal button                                              # StepDef.Web.StepDefinitions.theUserClicksTheEmptyCartModalButton()
  Then the Cart is empty                                                                         # StepDef.Web.StepDefinitions.theCartIsEmpty()
]]></system-out>
    <system-err><![CDATA[SLF4J: No SLF4J providers were found.
SLF4J: Defaulting to no-operation (NOP) logger implementation
SLF4J: See https://www.slf4j.org/codes.html#noProviders for further details.
Jan 30, 2024 9:11:40 AM org.openqa.selenium.devtools.CdpVersionFinder findNearestMatch
WARNING: Unable to find an exact match for CDP version 121, returning the closest version; found: 119; Please update to a Selenium version that supports CDP version 121
]]></system-err>
  </testcase>
</testsuite>